<?xml version="1.0" encoding="UTF-8"?>
<!-- Generated by org.testng.reporters.JUnitXMLReporter -->
<testsuite ignored="0" hostname="LAPTOP-VFJTKINN" failures="0" tests="6" name="Command line test" time="0.033" errors="0" timestamp="2021-01-07T15:56:30 COT">
  <testcase classname="maventutorial.AppiumTest" name="IOSApps" time="0.003"/>
  <testcase classname="maventutorial.AppiumTest" name="NativeAPpAndroid" time="0.0"/>
  <testcase classname="maventutorial.RESTAPITest" name="deleteTwitter" time="0.0"/>
  <testcase classname="maventutorial.RESTAPITest" name="postJira" time="0.0"/>
  <testcase classname="maventutorial.SeleniumTest" name="BrowserAUtomation" time="0.0"/>
  <testcase classname="maventutorial.SeleniumTest" name="elementsUi" time="0.0"/>
</testsuite> <!-- Command line test -->
