<?xml version="1.0" encoding="UTF-8"?>
<testng-results ignored="0" total="6" passed="6" failed="0" skipped="0">
  <reporter-output>
  </reporter-output>
  <suite started-at="2021-01-07T15:56:30 COT" name="Command line suite" finished-at="2021-01-07T15:56:30 COT" duration-ms="33">
    <groups>
    </groups>
    <test started-at="2021-01-07T15:56:30 COT" name="Command line test" finished-at="2021-01-07T15:56:30 COT" duration-ms="33">
      <class name="maventutorial.SeleniumTest">
        <test-method signature="BrowserAUtomation()[pri:0, instance:maventutorial.SeleniumTest@34a3d150]" started-at="2021-01-07T15:56:30 COT" name="BrowserAUtomation" finished-at="2021-01-07T15:56:30 COT" duration-ms="0" status="PASS">
          <reporter-output>
          </reporter-output>
        </test-method> <!-- BrowserAUtomation -->
        <test-method signature="elementsUi()[pri:0, instance:maventutorial.SeleniumTest@34a3d150]" started-at="2021-01-07T15:56:30 COT" name="elementsUi" finished-at="2021-01-07T15:56:30 COT" duration-ms="0" status="PASS">
          <reporter-output>
          </reporter-output>
        </test-method> <!-- elementsUi -->
      </class> <!-- maventutorial.SeleniumTest -->
      <class name="maventutorial.AppiumTest">
        <test-method signature="IOSApps()[pri:0, instance:maventutorial.AppiumTest@6302bbb1]" started-at="2021-01-07T15:56:30 COT" name="IOSApps" finished-at="2021-01-07T15:56:30 COT" duration-ms="3" status="PASS">
          <reporter-output>
          </reporter-output>
        </test-method> <!-- IOSApps -->
        <test-method signature="NativeAPpAndroid()[pri:0, instance:maventutorial.AppiumTest@6302bbb1]" started-at="2021-01-07T15:56:30 COT" name="NativeAPpAndroid" finished-at="2021-01-07T15:56:30 COT" duration-ms="0" status="PASS">
          <reporter-output>
          </reporter-output>
        </test-method> <!-- NativeAPpAndroid -->
      </class> <!-- maventutorial.AppiumTest -->
      <class name="maventutorial.RESTAPITest">
        <test-method signature="deleteTwitter()[pri:0, instance:maventutorial.RESTAPITest@31304f14]" started-at="2021-01-07T15:56:30 COT" name="deleteTwitter" finished-at="2021-01-07T15:56:30 COT" duration-ms="0" status="PASS">
          <reporter-output>
          </reporter-output>
        </test-method> <!-- deleteTwitter -->
        <test-method signature="postJira()[pri:0, instance:maventutorial.RESTAPITest@31304f14]" started-at="2021-01-07T15:56:30 COT" name="postJira" finished-at="2021-01-07T15:56:30 COT" duration-ms="0" status="PASS">
          <reporter-output>
          </reporter-output>
        </test-method> <!-- postJira -->
      </class> <!-- maventutorial.RESTAPITest -->
    </test> <!-- Command line test -->
  </suite> <!-- Command line suite -->
</testng-results>
