<?xml version="1.0" encoding="UTF-8" ?>
<testsuite tests="6" failures="0" name="TestSuite" time="0.009" errors="0" skipped="0">
  <properties>
[...]
</properties>
  <testcase classname="maventutorial.AppiumTest" name="IOSApps" time="0.006"/>
  <testcase classname="maventutorial.AppiumTest" name="NativeAPpAndroid" time="0.001"/>
  <testcase classname="maventutorial.RESTAPITest" name="deleteTwitter" time="0"/>
  <testcase classname="maventutorial.RESTAPITest" name="postJira" time="0.001"/>
  <testcase classname="maventutorial.SeleniumTest" name="BrowserAUtomation" time="0"/>
  <testcase classname="maventutorial.SeleniumTest" name="elementsUi" time="0.001"/>
</testsuite>